# JRE version: OpenJDK Runtime Environment Temurin-21.0.3+9 (21.0.3+9) (build 21.0.3+9-LTS)
# Java VM: OpenJDK 64-Bit Server VM Temurin-21.0.3+9 (21.0.3+9-LTS, mixed mode, emulated-client, tiered, compressed oops, compressed class ptrs, g1 gc, windows-amd64)
GC Precious Log:
 CardTable entry size: 512
 Card Set container configuration: InlinePtr #cards 5 size 8 Array Of Cards #cards 12 size 40 Howl #buckets 4 coarsen threshold 1843 Howl Bitmap #cards 512 size 80 coarsen threshold 460 Card regions per heap region 1 cards per card region 2048
 CPUs: 12 total, 12 available
 Memory: 7539M
 Large Page Support: Disabled
 NUMA Support: Disabled
 Compressed Oops: Enabled (32-bit)
 Heap Region Size: 1M
 Heap Min Capacity: 8M
 Heap Initial Capacity: 118M
 Heap Max Capacity: 1886M
 Pre-touch: Disabled
 Parallel Workers: 10
 Concurrent Workers: 3
 Concurrent Refinement Workers: 10
 Periodic GC: Disabled
Heap:
 garbage-first heap   total 92160K, used 53182K [0x000000008a200000, 0x0000000100000000)
  region size 1024K, 22 young (22528K), 4 survivors (4096K)
 Metaspace       used 80826K, committed 81856K, reserved 1179648K
  class space    used 10427K, committed 10880K, reserved 1048576K
GC Heap History (20 events):
Event: 8.183 GC heap before
{Heap before GC invocations=18 (full 0):
 garbage-first heap   total 75776K, used 63696K [0x000000008a200000, 0x0000000100000000)
  region size 1024K, 39 young (39936K), 5 survivors (5120K)
 Metaspace       used 57932K, committed 58496K, reserved 1114112K
  class space    used 7331K, committed 7552K, reserved 1048576K
}
Event: 8.187 GC heap after
{Heap after GC invocations=19 (full 0):
 garbage-first heap   total 75776K, used 29299K [0x000000008a200000, 0x0000000100000000)
  region size 1024K, 3 young (3072K), 3 survivors (3072K)
 Metaspace       used 57932K, committed 58496K, reserved 1114112K
  class space    used 7331K, committed 7552K, reserved 1048576K
}
Event: 8.396 GC heap before
{Heap before GC invocations=19 (full 0):
 garbage-first heap   total 75776K, used 45683K [0x000000008a200000, 0x0000000100000000)
  region size 1024K, 21 young (21504K), 3 survivors (3072K)
 Metaspace       used 59787K, committed 60416K, reserved 1114112K
  class space    used 7559K, committed 7872K, reserved 1048576K
}
Event: 8.400 GC heap after
{Heap after GC invocations=20 (full 0):
 garbage-first heap   total 75776K, used 29432K [0x000000008a200000, 0x0000000100000000)
  region size 1024K, 3 young (3072K), 3 survivors (3072K)
 Metaspace       used 59787K, committed 60416K, reserved 1114112K
  class space    used 7559K, committed 7872K, reserved 1048576K
}
Event: 8.977 GC heap before
{Heap before GC invocations=21 (full 0):
 garbage-first heap   total 75776K, used 67320K [0x000000008a200000, 0x0000000100000000)
  region size 1024K, 40 young (40960K), 3 survivors (3072K)
 Metaspace       used 64001K, committed 64640K, reserved 1114112K
  class space    used 8327K, committed 8640K, reserved 1048576K
}
Event: 8.981 GC heap after
{Heap after GC invocations=22 (full 0):
 garbage-first heap   total 75776K, used 29904K [0x000000008a200000, 0x0000000100000000)
  region size 1024K, 2 young (2048K), 2 survivors (2048K)
 Metaspace       used 64001K, committed 64640K, reserved 1114112K
  class space    used 8327K, committed 8640K, reserved 1048576K
}
Event: 10.140 GC heap before
{Heap before GC invocations=22 (full 0):
 garbage-first heap   total 75776K, used 67792K [0x000000008a200000, 0x0000000100000000)
  region size 1024K, 39 young (39936K), 2 survivors (2048K)
 Metaspace       used 67676K, committed 68352K, reserved 1114112K
  class space    used 8866K, committed 9216K, reserved 1048576K
}
Event: 10.144 GC heap after
{Heap after GC invocations=23 (full 0):
 garbage-first heap   total 75776K, used 30306K [0x000000008a200000, 0x0000000100000000)
  region size 1024K, 3 young (3072K), 3 survivors (3072K)
 Metaspace       used 67676K, committed 68352K, reserved 1114112K
  class space    used 8866K, committed 9216K, reserved 1048576K
}
Event: 10.644 GC heap before
{Heap before GC invocations=23 (full 0):
 garbage-first heap   total 75776K, used 66146K [0x000000008a200000, 0x0000000100000000)
  region size 1024K, 38 young (38912K), 3 survivors (3072K)
 Metaspace       used 71167K, committed 71872K, reserved 1114112K
  class space    used 9309K, committed 9600K, reserved 1048576K
}
Event: 10.648 GC heap after
{Heap after GC invocations=24 (full 0):
 garbage-first heap   total 75776K, used 31972K [0x000000008a200000, 0x0000000100000000)
  region size 1024K, 4 young (4096K), 4 survivors (4096K)
 Metaspace       used 71167K, committed 71872K, reserved 1114112K
  class space    used 9309K, committed 9600K, reserved 1048576K
}
Event: 10.777 GC heap before
{Heap before GC invocations=24 (full 0):
 garbage-first heap   total 75776K, used 43236K [0x000000008a200000, 0x0000000100000000)
  region size 1024K, 16 young (16384K), 4 survivors (4096K)
 Metaspace       used 72214K, committed 72896K, reserved 1114112K
  class space    used 9437K, committed 9728K, reserved 1048576K
}
Event: 10.781 GC heap after
{Heap after GC invocations=25 (full 0):
 garbage-first heap   total 75776K, used 32670K [0x000000008a200000, 0x0000000100000000)
  region size 1024K, 3 young (3072K), 3 survivors (3072K)
 Metaspace       used 72214K, committed 72896K, reserved 1114112K
  class space    used 9437K, committed 9728K, reserved 1048576K
}
Event: 11.362 GC heap before
{Heap before GC invocations=26 (full 0):
 garbage-first heap   total 75776K, used 69534K [0x000000008a200000, 0x0000000100000000)
  region size 1024K, 37 young (37888K), 3 survivors (3072K)
 Metaspace       used 75386K, committed 76096K, reserved 1179648K
  class space    used 9731K, committed 10112K, reserved 1048576K
}
Event: 11.367 GC heap after
{Heap after GC invocations=27 (full 0):
 garbage-first heap   total 92160K, used 34892K [0x000000008a200000, 0x0000000100000000)
  region size 1024K, 5 young (5120K), 5 survivors (5120K)
 Metaspace       used 75386K, committed 76096K, reserved 1179648K
  class space    used 9731K, committed 10112K, reserved 1048576K
}
Event: 17.716 GC heap before
{Heap before GC invocations=27 (full 0):
 garbage-first heap   total 92160K, used 79948K [0x000000008a200000, 0x0000000100000000)
  region size 1024K, 50 young (51200K), 5 survivors (5120K)
 Metaspace       used 79244K, committed 79936K, reserved 1179648K
  class space    used 10262K, committed 10560K, reserved 1048576K
}
Event: 17.723 GC heap after
{Heap after GC invocations=28 (full 0):
 garbage-first heap   total 92160K, used 36829K [0x000000008a200000, 0x0000000100000000)
  region size 1024K, 5 young (5120K), 5 survivors (5120K)
 Metaspace       used 79244K, committed 79936K, reserved 1179648K
  class space    used 10262K, committed 10560K, reserved 1048576K
}
Event: 90.853 GC heap before
{Heap before GC invocations=28 (full 0):
 garbage-first heap   total 92160K, used 54237K [0x000000008a200000, 0x0000000100000000)
  region size 1024K, 24 young (24576K), 5 survivors (5120K)
 Metaspace       used 80893K, committed 81728K, reserved 1179648K
  class space    used 10490K, committed 10880K, reserved 1048576K
}
Event: 90.896 GC heap after
{Heap after GC invocations=29 (full 1):
 garbage-first heap   total 92160K, used 31836K [0x000000008a200000, 0x0000000100000000)
  region size 1024K, 0 young (0K), 0 survivors (0K)
 Metaspace       used 80893K, committed 81728K, reserved 1179648K
  class space    used 10490K, committed 10880K, reserved 1048576K
}
Event: 92.079 GC heap before
{Heap before GC invocations=29 (full 1):
 garbage-first heap   total 92160K, used 66652K [0x000000008a200000, 0x0000000100000000)
  region size 1024K, 36 young (36864K), 0 survivors (0K)
 Metaspace       used 80963K, committed 81792K, reserved 1179648K
  class space    used 10503K, committed 10880K, reserved 1048576K
}
Event: 92.083 GC heap after
{Heap after GC invocations=30 (full 1):
 garbage-first heap   total 92160K, used 35774K [0x000000008a200000, 0x0000000100000000)
  region size 1024K, 4 young (4096K), 4 survivors (4096K)
 Metaspace       used 80963K, committed 81792K, reserved 1179648K
  class space    used 10503K, committed 10880K, reserved 1048576K
}

