# JRE version: OpenJDK Runtime Environment Temurin-21.0.3+9 (21.0.3+9) (build 21.0.3+9-LTS)
# Java VM: OpenJDK 64-Bit Server VM Temurin-21.0.3+9 (21.0.3+9-LTS, mixed mode, emulated-client, tiered, compressed oops, compressed class ptrs, g1 gc, windows-amd64)
GC Precious Log:
 CardTable entry size: 512
 Card Set container configuration: InlinePtr #cards 5 size 8 Array Of Cards #cards 12 size 40 Howl #buckets 4 coarsen threshold 1843 Howl Bitmap #cards 512 size 80 coarsen threshold 460 Card regions per heap region 1 cards per card region 2048
 CPUs: 12 total, 12 available
 Memory: 7539M
 Large Page Support: Disabled
 NUMA Support: Disabled
 Compressed Oops: Enabled (32-bit)
 Heap Region Size: 1M
 Heap Min Capacity: 8M
 Heap Initial Capacity: 118M
 Heap Max Capacity: 1886M
 Pre-touch: Disabled
 Parallel Workers: 10
 Concurrent Workers: 3
 Concurrent Refinement Workers: 10
 Periodic GC: Disabled
Heap:
 garbage-first heap   total 109568K, used 92197K [0x000000008a200000, 0x0000000100000000)
  region size 1024K, 52 young (53248K), 2 survivors (2048K)
 Metaspace       used 99511K, committed 100480K, reserved 1179648K
  class space    used 12625K, committed 13056K, reserved 1048576K
GC Heap History (20 events):
Event: 419.549 GC heap after
{Heap after GC invocations=60 (full 12):
 garbage-first heap   total 109568K, used 39439K [0x000000008a200000, 0x0000000100000000)
  region size 1024K, 5 young (5120K), 5 survivors (5120K)
 Metaspace       used 97072K, committed 97856K, reserved 1179648K
  class space    used 12409K, committed 12736K, reserved 1048576K
}
Event: 428.462 GC heap before
{Heap before GC invocations=60 (full 12):
 garbage-first heap   total 109568K, used 69135K [0x000000008a200000, 0x0000000100000000)
  region size 1024K, 35 young (35840K), 5 survivors (5120K)
 Metaspace       used 97435K, committed 98304K, reserved 1179648K
  class space    used 12432K, committed 12800K, reserved 1048576K
}
Event: 428.506 GC heap after
{Heap after GC invocations=61 (full 13):
 garbage-first heap   total 109568K, used 35262K [0x000000008a200000, 0x0000000100000000)
  region size 1024K, 0 young (0K), 0 survivors (0K)
 Metaspace       used 97432K, committed 98304K, reserved 1179648K
  class space    used 12431K, committed 12800K, reserved 1048576K
}
Event: 429.035 GC heap before
{Heap before GC invocations=61 (full 13):
 garbage-first heap   total 109568K, used 90558K [0x000000008a200000, 0x0000000100000000)
  region size 1024K, 54 young (55296K), 0 survivors (0K)
 Metaspace       used 97660K, committed 98496K, reserved 1179648K
  class space    used 12457K, committed 12800K, reserved 1048576K
}
Event: 429.038 GC heap after
{Heap after GC invocations=62 (full 13):
 garbage-first heap   total 109568K, used 39846K [0x000000008a200000, 0x0000000100000000)
  region size 1024K, 5 young (5120K), 5 survivors (5120K)
 Metaspace       used 97660K, committed 98496K, reserved 1179648K
  class space    used 12457K, committed 12800K, reserved 1048576K
}
Event: 435.241 GC heap before
{Heap before GC invocations=62 (full 13):
 garbage-first heap   total 109568K, used 68518K [0x000000008a200000, 0x0000000100000000)
  region size 1024K, 34 young (34816K), 5 survivors (5120K)
 Metaspace       used 98016K, committed 98880K, reserved 1179648K
  class space    used 12481K, committed 12864K, reserved 1048576K
}
Event: 435.288 GC heap after
{Heap after GC invocations=63 (full 14):
 garbage-first heap   total 109568K, used 35143K [0x000000008a200000, 0x0000000100000000)
  region size 1024K, 0 young (0K), 0 survivors (0K)
 Metaspace       used 98013K, committed 98880K, reserved 1179648K
  class space    used 12480K, committed 12864K, reserved 1048576K
}
Event: 435.821 GC heap before
{Heap before GC invocations=63 (full 14):
 garbage-first heap   total 109568K, used 91463K [0x000000008a200000, 0x0000000100000000)
  region size 1024K, 55 young (56320K), 0 survivors (0K)
 Metaspace       used 98253K, committed 99072K, reserved 1179648K
  class space    used 12507K, committed 12864K, reserved 1048576K
}
Event: 435.824 GC heap after
{Heap after GC invocations=64 (full 14):
 garbage-first heap   total 109568K, used 39821K [0x000000008a200000, 0x0000000100000000)
  region size 1024K, 5 young (5120K), 5 survivors (5120K)
 Metaspace       used 98253K, committed 99072K, reserved 1179648K
  class space    used 12507K, committed 12864K, reserved 1048576K
}
Event: 446.796 GC heap before
{Heap before GC invocations=64 (full 14):
 garbage-first heap   total 109568K, used 68493K [0x000000008a200000, 0x0000000100000000)
  region size 1024K, 34 young (34816K), 5 survivors (5120K)
 Metaspace       used 98590K, committed 99456K, reserved 1179648K
  class space    used 12532K, committed 12928K, reserved 1048576K
}
Event: 446.841 GC heap after
{Heap after GC invocations=65 (full 15):
 garbage-first heap   total 109568K, used 35344K [0x000000008a200000, 0x0000000100000000)
  region size 1024K, 0 young (0K), 0 survivors (0K)
 Metaspace       used 98587K, committed 99456K, reserved 1179648K
  class space    used 12532K, committed 12928K, reserved 1048576K
}
Event: 447.359 GC heap before
{Heap before GC invocations=65 (full 15):
 garbage-first heap   total 109568K, used 91664K [0x000000008a200000, 0x0000000100000000)
  region size 1024K, 55 young (56320K), 0 survivors (0K)
 Metaspace       used 98826K, committed 99648K, reserved 1179648K
  class space    used 12558K, committed 12928K, reserved 1048576K
}
Event: 447.363 GC heap after
{Heap after GC invocations=66 (full 15):
 garbage-first heap   total 109568K, used 39948K [0x000000008a200000, 0x0000000100000000)
  region size 1024K, 5 young (5120K), 5 survivors (5120K)
 Metaspace       used 98826K, committed 99648K, reserved 1179648K
  class space    used 12558K, committed 12928K, reserved 1048576K
}
Event: 476.052 GC heap before
{Heap before GC invocations=66 (full 15):
 garbage-first heap   total 109568K, used 72716K [0x000000008a200000, 0x0000000100000000)
  region size 1024K, 37 young (37888K), 5 survivors (5120K)
 Metaspace       used 99167K, committed 100032K, reserved 1179648K
  class space    used 12584K, committed 12992K, reserved 1048576K
}
Event: 476.057 GC heap after
{Heap after GC invocations=67 (full 15):
 garbage-first heap   total 109568K, used 42836K [0x000000008a200000, 0x0000000100000000)
  region size 1024K, 3 young (3072K), 3 survivors (3072K)
 Metaspace       used 99167K, committed 100032K, reserved 1179648K
  class space    used 12584K, committed 12992K, reserved 1048576K
}
Event: 578.715 GC heap before
{Heap before GC invocations=68 (full 15):
 garbage-first heap   total 109568K, used 66388K [0x000000008a200000, 0x0000000100000000)
  region size 1024K, 22 young (22528K), 3 survivors (3072K)
 Metaspace       used 99174K, committed 100032K, reserved 1179648K
  class space    used 12585K, committed 12992K, reserved 1048576K
}
Event: 578.764 GC heap after
{Heap after GC invocations=69 (full 16):
 garbage-first heap   total 109568K, used 36302K [0x000000008a200000, 0x0000000100000000)
  region size 1024K, 0 young (0K), 0 survivors (0K)
 Metaspace       used 99174K, committed 100032K, reserved 1179648K
  class space    used 12585K, committed 12992K, reserved 1048576K
}
Event: 579.432 GC heap before
{Heap before GC invocations=69 (full 16):
 garbage-first heap   total 109568K, used 91598K [0x000000008a200000, 0x0000000100000000)
  region size 1024K, 54 young (55296K), 0 survivors (0K)
 Metaspace       used 99411K, committed 100288K, reserved 1179648K
  class space    used 12614K, committed 12992K, reserved 1048576K
}
Event: 579.436 GC heap after
{Heap after GC invocations=70 (full 16):
 garbage-first heap   total 109568K, used 40997K [0x000000008a200000, 0x0000000100000000)
  region size 1024K, 5 young (5120K), 5 survivors (5120K)
 Metaspace       used 99411K, committed 100288K, reserved 1179648K
  class space    used 12614K, committed 12992K, reserved 1048576K
}
Event: 1003.245 GC heap before
{Heap before GC invocations=70 (full 16):
 garbage-first heap   total 109568K, used 92197K [0x000000008a200000, 0x0000000100000000)
  region size 1024K, 55 young (56320K), 5 survivors (5120K)
 Metaspace       used 99511K, committed 100480K, reserved 1179648K
  class space    used 12625K, committed 13056K, reserved 1048576K
}

